<?xml version="1.0" encoding="UTF-8"?>
<!-- Generated by org.testng.reporters.JUnitReportReporter -->
<testsuite hostname="DESKTOP-ORVEKOM" failures="0" tests="3" name="Database.Database.AppTest" time="0.274" errors="0" timestamp="2025-05-16T18:14:13 GMT+03:00" skipped="2">
  <testcase classname="Database.Database.AppTest" name="ReadDatabaseAndRegister" time="0.274"/>
  <system-out/>
  <testcase classname="Database.Database.AppTest" name="UpdateDatabase">
    <skipped/>
  </testcase> <!-- UpdateDatabase -->
  <system-out/>
  <testcase classname="Database.Database.AppTest" name="InsertIntoDatabase">
    <skipped/>
  </testcase> <!-- InsertIntoDatabase -->
  <system-out/>
</testsuite> <!-- Database.Database.AppTest -->
